         w __deregister_frame_info
         w __register_frame_info
         w _ITM_deregisterTMCloneTable
         w _ITM_registerTMCloneTable
         w _Jv_RegisterClasses
00000000 b .LANCHOR1
00000000 b _TLS_MODULE_BASE_
00000000 a shift
00000000 a shift
00000000 00002000 b tmp_buffer.6684
00001ff8 b .LANCHOR2
00002000 00000401 b __fixedpath
00002404 00000802 b __utf16path
00002c08 00000802 b __utf16path_old.6755
00100000 T __start__
00100000 T _start
00100008 T __service_ptr
0010000c T __apt_appid
00100010 T __heap_size
00100014 T __linear_heap_size
00100018 T __system_arglist
0010001c T __system_runflags
00100020 t startup
00100058 t ClearMem
0010006c t ClrLoop
00100094 T _init
001000ac t deregister_tm_clones
001000dc t register_tm_clones
00100114 t __do_global_dtors_aux
00100158 t frame_dummy
001001b4 T initSystem
001001f8 T __ctru_exit
00100218 t .udivsi3_skip_div0_test
00100218 T __aeabi_uidiv
00100218 000001ec T __udivsi3
00100404 00000020 T __aeabi_uidivmod
00100424 T __aeabi_idiv
00100424 00000220 T __divsi3
0010042c t .divsi3_skip_div0_test
00100644 00000020 T __aeabi_idivmod
00100664 00000004 W __aeabi_idiv0
00100664 00000004 W __aeabi_ldiv0
00100668 T __aeabi_uldivmod
001006a4 00000128 T __udivmoddi4
001007e8 00000390 T strcmp
00100b80 00000008 t null_write
00100b88 00000018 T setDefaultDevice
00100ba0 000000bc T FindDevice
00100c5c 0000002c T RemoveDevice
00100c88 00000098 T AddDevice
00100d20 00000024 T GetDeviceOpTab
00100d44 0000007c T _close_r
00100dc0 0000006c T _fstat_r
00100e2c 0000002c T _gettimeofday_r
00100e58 00000008 T _isatty_r
00100e60 00000078 T _lseek_r
00100ed8 000000c8 T _open_r
00100fa0 00000078 T _read_r
00101018 00000070 T _sbrk_r
00101088 00000078 T _write_r
00101100 000001bc T _concatenate_path
001012bc 00000154 T chdir
00101410 000000a0 T getcwd
001014b0 00000008 T __flockfile
001014b8 00000008 T __funlockfile
001014c0 00000018 T __libc_lock_init
001014d8 00000018 T __libc_lock_acquire
001014f0 00000024 T __libc_lock_try_acquire
00101514 00000018 T __libc_lock_release
0010152c 00000018 T __libc_lock_close
00101544 00000018 T __libc_lock_init_recursive
0010155c 00000018 T __libc_lock_acquire_recursive
00101574 00000024 T __libc_lock_try_acquire_recursive
00101598 00000018 T __libc_lock_release_recursive
001015b0 00000018 T __libc_lock_close_recursive
001015c8 00000044 T __free_handle
0010160c 0000003c T __release_handle
00101648 00000078 T __alloc_handle
001016c0 0000001c T __get_handle
001016dc 000000a4 T dup
00101780 0000010c T dup2
0010188c 00000028 T __getreent
001018b4 00000038 t setBitOfReversedStream
001018ec 000000a0 t checkColorValidity
0010198c 0000004c t addColorBits
001019d8 00000060 t color_tree_get
00101a38 000003a0 t getPixelColorRGBA8
00101dd8 00000578 t getPixelColorsRGBA8
00102350 000001b0 t getPixelColorRGBA16
00102500 000001ac t Adam7_getpassvalues
001026ac 000003ac t unfilter
00102a58 00000090 t removePaddingBits
00102ae8 000000b4 t color_tree_add
00102b9c 00000024 t HuffmanTree_cleanup
00102bc0 00000060 t LodePNGText_cleanup
00102c20 00000090 t LodePNGIText_cleanup
00102cb0 00000030 t color_tree_cleanup
00102ce0 00000060 t string_set
00102d40 000000d0 t lodepng_color_mode_equal
00102e10 0000005c t ucvector_reserve.isra.7
00102e10 0000005c t uivector_reserve.isra.10
00102e6c 00000038 t ucvector_push_back
00102ea4 00000058 t uivector_resizev.constprop.22
00102efc 0000034c t HuffmanTree_makeFromLengths2
00103248 0000006c t HuffmanTree_makeFromLengths
001032b4 000000a4 t generateFixedLitLenTree
00103358 00000060 t generateFixedDistanceTree
001033b8 00000b20 t lodepng_inflatev.isra.12
00103ed8 000001b4 T lodepng_zlib_decompress
0010408c 0000002c t zlib_decompress
001040b8 0000006c T lodepng_chunk_type_equals
00104124 000000a4 T lodepng_chunk_check_crc
001041c8 000000b0 T lodepng_chunk_append
00104278 000000ac T lodepng_color_mode_copy
00104324 00000104 T lodepng_add_text
00104428 000001f4 T lodepng_add_itext
0010461c 0000008c T lodepng_info_init
001046a8 00000050 T lodepng_info_cleanup
001046f8 000004f8 T lodepng_convert
00104bf0 00000254 T lodepng_inspect
00104e44 0000174c t decodeGeneric
00106590 0000013c T lodepng_decode
001066cc 000000b8 T lodepng_state_init
00106784 00000030 T lodepng_state_cleanup
001067b4 00000068 T lodepng_decode_memory
0010681c 00000028 T lodepng_decode32
00106844 00000184 t reversePath
001069c8 00000040 t setTextColor
00106a08 0000008c t wrongName
00106a94 00000018 t getBot.part.5
00106aac 00000074 t clearClosedSet.part.8
00106b20 00000074 t clearOpenSet.part.9
00106b94 00000058 t getHighestScore.part.20
00106bec 00000044 t getKiller.part.21
00106c30 00000144 t HSL2RGB.constprop.23
00106d74 000001ac t screen_get_string_size_internal.constprop.24
00106f20 000001f0 t renderText.constprop.25
00107110 00000220 T myprintf
00107330 000001fc t UDSSend
0010752c 000001dc t UDSResend
00107708 000000ec t UDSDirect
001077f8 0000074c t printScore
00107f48 0000007c T util_make_path_utf8
00107fc4 00000210 T importUsername
001081d4 0000017c T writeUsername
00108350 00000440 T keepXConsole
00108790 00000088 T keepConsole
00108818 00000204 t gameOptions
00108a1c 000000e4 T getNextColor
00108b00 0000006c T getColor
00108b6c 00000074 T writeColor
00108be0 0000004c T showMemoryError
00108c2c 00000074 T addClosedSet
00108ca0 00000074 T addOpenSet
00108d14 000000fc T remOpenSet
00108e10 000000a8 T getDist
00108eb8 000000a8 T addNode
00108f60 000000ac T continueAddNodeToApple
0010900c 00000060 T getDirectionY
0010906c 0000005c T getDirectionX
001090c8 00000074 T getDirectionYTo
0010913c 00000074 T getDirectionXTo
001091b0 000000b4 T getDirection
00109264 000000ac T getDirectionToApple
00109310 000000ac T setCurrentF
001093bc 000005b8 T showCameFrom
00109974 0000013c T getFarthestCurrent
00109ab0 00000184 T plotMovement
00109c34 0000050c T pathfindToApple
0010a140 000001ac T showPathToApple
0010a2ec 00000300 T relocateApple
0010a5ec 00000218 T drawSprite
0010a804 000000bc t changeApple
0010a8c0 00000080 t drawPoint
0010a940 00000078 t drawWall.constprop.22
0010a9b8 000001d4 T overwriteSprite
0010ab8c 00000124 t fixLength
0010acb0 000021e4 t finishLine.isra.16
0010ce94 0000018c t eraseLine.part.19
0010d020 00000154 T checkPath
0010d174 00000370 T showPlotMovement
0010d4e4 000000bc T livingBots
0010d5a0 00000524 T continuePlotting
0010dac4 000006a8 T plotCourse
0010e16c 00000098 T itsATie
0010e204 000000c4 T hasCommonY
0010e2c8 00000354 t setSprites
0010e61c 000000c8 T setHighscore
0010e6e8 0000b3a8 T uds_test
00119a90 00000bb8 T main
0011a648 00000028 T AttrInfo_Init
0011a670 000000a4 T AttrInfo_AddLoader
0011a714 00000024 T C3D_GetAttrInfo
0011a738 00000080 T C3Di_AttrInfoBind
0011a7b8 00000088 t C3Di_AptEventHook
0011a840 00000168 T C3D_Init
0011a9a8 00000098 T C3D_SetViewport
0011aa40 00000580 T C3Di_UpdateContext
0011afc0 000000e0 T C3Di_FinalizeFrame
0011b0a0 00000048 T C3D_Fini
0011b0e8 000000d4 T C3D_BindProgram
0011b1bc 00000020 T BufInfo_Init
0011b1dc 00000084 T BufInfo_Add
0011b260 00000024 T C3D_GetBufInfo
0011b284 00000048 T C3Di_BufInfoBind
0011b2cc 00000148 T C3D_DrawArrays
0011b414 0000003c T C3D_DepthMap
0011b450 0000001c T C3D_CullFace
0011b46c 0000003c T C3D_StencilTest
0011b4a8 00000024 T C3D_StencilOp
0011b4cc 0000001c T C3D_BlendingColor
0011b4e8 00000028 T C3D_DepthTest
0011b510 00000028 T C3D_AlphaTest
0011b538 00000050 T C3D_AlphaBlend
0011b588 00000030 T C3D_FragOpMode
0011b5b8 0000011c T C3Di_EffectBind
0011b6d4 000000b8 T C3D_ImmDrawBegin
0011b78c 000000b4 T C3D_ImmSendAttrib
0011b840 00000074 T C3D_ImmDrawEnd
0011b8b4 000000a4 T C3D_RenderBufInit
0011b958 00000080 T C3D_RenderBufClearAsync
0011b9d8 00000028 T C3D_RenderBufTransferAsync
0011ba00 00000038 T C3D_RenderBufBind
0011ba38 00000168 T C3Di_RenderBufBind
0011bba0 00000018 T C3D_RenderBufDelete
0011bbb8 00000040 t C3Di_RenderQueueWaitDone
0011bbf8 00000078 t performTransfer.part.0
0011bc70 00000050 t transferTarget
0011bcc0 00000024 t onVBlank1
0011bce4 0000008c t onVBlank0
0011bd70 0000003c t performClear.part.2
0011bdac 0000004c t clearTarget
0011bdf8 000000c0 t updateFrameQueue.part.4
0011beb8 000000e0 t onRenderFinish
0011bf98 00000018 t onClearDone.part.6
0011bf98 00000018 t onTransferFinish.part.5
0011bfb0 000000b0 t onTransferFinish
0011c060 00000064 t onClearDone
0011c0c4 0000005c t checkRenderQueueInit.part.7
0011c120 00000064 T C3D_FrameBegin
0011c184 00000078 T C3D_FrameDrawOn
0011c1fc 000000d0 T C3D_FrameEnd
0011c2cc 000000e0 T C3D_RenderTargetCreate
0011c3ac 0000007c T C3D_RenderTargetDelete
0011c428 00000084 t C3Di_RenderQueueExit
0011c4ac 00000050 T C3D_RenderTargetSetClear
0011c4fc 00000058 T C3D_RenderTargetSetOutput
0011c554 00000034 T TexEnv_Init
0011c588 00000034 T C3D_GetTexEnv
0011c5bc 00000024 T C3Di_TexEnvBind
0011c5e0 000000b8 T C3D_TexInit
0011c698 000000b8 T C3D_TexInitVRAM
0011c750 00000024 T C3D_TexSetFilter
0011c774 00000034 T C3D_TexBind
0011c7a8 0000003c T C3D_TexDelete
0011c7e4 000002ac T C3D_UpdateUniforms
0011ca90 000000c0 T C3Di_DirtyUniforms
0011cb50 000000e4 T C3Di_LoadShaderUniforms
0011cc34 00000028 T C3Di_ClearShaderUniforms
0011cc5c 000000c8 T Mtx_OrthoTilt
0011cd24 00000024 t addrMapNodeComparator(rbtree_node const*, rbtree_node const*)
0011cd48 00000004 t addrMapNodeDestructor(rbtree_node*)
0011cd4c 00000140 T linearMemAlign
0011ce8c 00000008 T linearAlloc
0011ce94 00000050 T linearFree
0011cee4 0000009c T MemPool::CoalesceRight(MemBlock*)
0011cf80 00000178 T MemPool::Allocate(MemChunk&, unsigned long, int)
0011d0f8 00000100 T MemPool::Deallocate(MemChunk const&)
0011d1f8 00000024 t addrMapNodeComparator(rbtree_node const*, rbtree_node const*)
0011d21c 00000004 t addrMapNodeDestructor(rbtree_node*)
0011d220 00000130 T vramMemAlign
0011d350 00000008 T vramAlloc
0011d358 00000050 T vramFree
0011d3a8 000000a4 T fontEnsureMapped
0011d44c 000000dc T fontGlyphIndexFromCodePoint
0011d528 0000005c T fontGetCharWidthInfo
0011d584 00000214 T fontCalcGlyphPos
0011d798 0000008c t gfxSetFramebufferInfo.part.0
0011d824 00000010 T gfxIs3D
0011d834 00000018 T __get_bytes_per_pixel
0011d84c 00000174 T gfxSetScreenFormat
0011d9c0 00000070 T gfxSetFramebufferInfo
0011da30 00000088 T gfxWriteFramebufferInfo
0011dab8 000001fc T gfxInit
0011dcb4 00000010 T gfxInitDefault
0011dcc4 000000e0 T gfxExit
0011dda4 000000b0 T gfxGetFramebuffer
0011de54 000000cc T gfxFlushBuffers
0011df20 00000070 T gfxConfigScreen
0011df90 00000020 T gfxSwapBuffers
0011dfb0 00000058 t getSysTime
0011e008 0000004c T osConvertVirtToPhys
0011e054 00000024 T osGetMemRegionUsed
0011e078 000000f4 T __libctru_gtod
0011e170 00000034 T __ctru_speedup_config
0011e1a4 00000010 t sdmc_link
0011e1b4 00000010 t sdmc_dirreset
0011e1c4 00000010 t sdmc_chmod
0011e1d4 00000010 t sdmc_fchmod
0011e1e4 00000024 t error_cmp
0011e208 00000050 t sdmc_translate_error
0011e258 00000034 t sdmc_fsync
0011e28c 00000054 t sdmc_ftruncate
0011e2e0 000000ac t sdmc_statvfs
0011e38c 00000038 t sdmc_dirclose
0011e3c4 0000013c t sdmc_dirnext
0011e500 00000034 t sdmc_close
0011e534 00000074 t sdmc_fstat
0011e5a8 000000c0 t sdmc_seek
0011e668 0000008c t sdmc_read
0011e6f4 00000110 t sdmc_write_safe
0011e804 000001b4 t sdmc_utf16path
0011e9b8 00000074 t sdmc_rmdir
0011ea2c 000000a4 t sdmc_diropen
0011ead0 000000a0 t sdmc_chdir
0011eb70 00000098 t sdmc_mkdir
0011ec08 00000108 t sdmc_rename
0011ed10 00000074 t sdmc_unlink
0011ed84 00000108 t sdmc_stat
0011ee8c 00000188 t sdmc_open
0011f014 0000015c T sdmcInit
0011f170 00000054 T sdmcExit
0011f1c4 0000002c T GPUCMD_SetBuffer
0011f1f0 00000040 T GPUCMD_GetBuffer
0011f230 000000e4 T GPUCMD_Add
0011f314 00000098 T GPUCMD_Finalize
0011f3ac 00000040 T f32tof24
0011f3ec 00000040 T f32tof31
0011f42c 00000054 T GX_ProcessCommandList
0011f480 00000060 T GX_MemoryFill
0011f4e0 00000050 T GX_DisplayTransfer
0011f530 00000054 T GX_FlushCacheRegions
0011f584 0000020c T shaderInstanceInit
0011f790 00000038 T shaderInstanceFree
0011f7c8 00000018 T shaderInstanceGetUniformLocation
0011f7e0 00000018 T shaderProgramInit
0011f7f8 00000030 T shaderProgramFree
0011f828 0000006c T shaderProgramSetVsh
0011f894 000008a4 T shaderProgramConfigure
00120138 0000003c T DVLB_Free
00120174 00000080 T DVLE_GetUniformRegister
001201f4 000001f0 T DVLE_GenerateOutmap
001203e4 000001d0 T DVLB_ParseFile
001205b4 00000004 W _aptDebug
001205b8 0000012c T aptSendCommand
001206e4 0000003c t aptExitProcess
00120720 00000038 T aptHook
00120758 0000002c T aptUnhook
00120784 00000014 T aptSetMessageCallback
00120798 0000004c T APT_InquireNotification
001207e4 00000198 t aptEventHandler
0012097c 00000074 T APT_AppletUtility
001209f0 000000b0 T aptSetSleepAllowed
00120aa0 000000b4 T APT_GlanceParameter
00120b54 000000c0 T APT_ReceiveParameter
00120c14 000000a8 t aptReceiveParameter.constprop.1
00120cc0 000001d8 t aptScreenTransfer
00120e98 00000224 t aptWaitForWakeUp
001210bc 00000058 T APT_SendParameter
00121114 00000070 T APT_CancelParameter
00121184 0000021c T aptInit
001213a0 00000088 t aptClearParamQueue
00121428 00000208 T aptMainLoop
00121630 00000148 T aptExit
00121778 000000dc T aptLaunchLibraryApplet
00121854 00000070 T APT_CheckNew3DS
001218c4 0000004c T APT_GetSharedFont
00121910 00000028 t fsSessionForArchive.part.0
00121938 000000cc T fsInit
00121a04 00000038 T fsExit
00121a3c 00000074 T fsExemptFromSession
00121ab0 00000054 T fsUnexemptFromSession
00121b04 00000088 T fsMakePath
00121b8c 000000bc T FSUSER_OpenFile
00121c48 000000d4 T FSUSER_OpenFileDirectly
00121d1c 000000a4 T FSUSER_DeleteFile
00121dc0 000000e0 T FSUSER_RenameFile
00121ea0 000000a4 T FSUSER_DeleteDirectory
00121f44 000000bc T FSUSER_CreateFile
00122000 000000ac T FSUSER_CreateDirectory
001220ac 000000e0 T FSUSER_RenameDirectory
0012218c 000000a4 T FSUSER_OpenDirectory
00122230 00000098 T FSUSER_OpenArchive
001222c8 00000074 T FSUSER_CloseArchive
0012233c 00000078 T FSUSER_GetSdmcArchiveResource
001223b4 00000064 T FSUSER_IsSdmcWritable
00122418 0000005c T FSFILE_Read
00122474 00000064 T FSFILE_Write
001224d8 0000003c T FSFILE_GetSize
00122514 0000002c T FSFILE_SetSize
00122540 0000003c T FSFILE_Close
0012257c 00000024 T FSFILE_Flush
001225a0 00000054 T FSDIR_Read
001225f4 0000003c T FSDIR_Close
00122630 00000154 t gspEventThreadMain
00122784 00000074 T gspInit
001227f8 0000003c T gspExit
00122834 0000002c T gspSetEventCallback
00122860 00000084 T gspInitEventHandler
001228e4 00000030 T gspExitEventHandler
00122914 00000044 T gspWaitForEvent
00122958 00000064 T gspWaitForAnyEvent
001229bc 00000128 T gspSubmitGxCommand
00122ae4 0000006c T GSPGPU_SetBufferSwap
00122b50 0000004c T GSPGPU_FlushDataCache
00122b9c 00000034 T GSPGPU_SetLcdForceBlack
00122bd0 00000064 T GSPGPU_RegisterInterruptRelayQueue
00122c34 0000002c T GSPGPU_UnregisterInterruptRelayQueue
00122c60 00000048 T GSPGPU_AcquireRight
00122ca8 0000002c T GSPGPU_ReleaseRight
00122cd4 00000080 T GSPGPU_ImportDisplayCaptureInfo
00122d54 0000002c T GSPGPU_SaveVramSysArea
00122d80 0000002c T GSPGPU_RestoreVramSysArea
00122dac 000000d8 T hidExit
00122e84 00000238 T hidScanInput
001230bc 00000010 T hidKeysHeld
001230cc 00000010 T hidKeysDown
001230dc 00000010 T hidKeysUp
001230ec 00000018 T hidTouchRead
00123104 00000018 T hidCircleRead
0012311c 00000090 T HIDUSER_GetHandles
001231ac 00000184 T hidInit
00123330 000000b0 T irrstScanInput
001233e0 0000001c T irrstKeysHeld
001233fc 00000050 T IRRST_GetHandles
0012344c 00000148 T irrstInit
00123594 0000002c T IRRST_Shutdown
001235c0 000000b0 T irrstExit
00123670 00000070 T ptmSysmInit
001236e0 00000034 T ptmSysmExit
00123714 00000034 T PTMSYSM_ConfigureNew3DSCPU
00123748 00000094 T udsExit
001237dc 000000e4 T udsGenerateNodeInfo
001238c0 00000244 T udsInit
00123b04 00000028 T udsGetNodeInfoUsername
00123b2c 00000010 T udsCheckNodeInfoInitialized
00123b3c 00000080 T udsGenerateDefaultNetworkStruct
00123bbc 0000002c T udsDestroyNetwork
00123be8 0000002c T udsDisconnectNetwork
00123c14 00000088 T udsGetConnectionStatus
00123c9c 00000070 T udsWaitConnectionStatusEvent
00123d0c 000000a0 T udsGetNodeInformation
00123dac 000006d0 T udsScanBeacons
0012447c 000000f0 T udsBind
0012456c 00000090 T udsUnbind
001245fc 00000148 T udsCreateNetwork
00124744 000000e0 T udsConnectNetwork
00124824 00000098 T udsPullPacket
001248bc 00000070 T udsSendTo
0012492c 00000040 T udsGetChannel
0012496c 00000024 t swkbdConvertToUTF16.part.0
00124990 0000016c t swkbdMessageCallback
00124afc 00000078 T swkbdInit
00124b74 0000003c T swkbdSetFeatures
00124bb0 0000002c T swkbdSetHintText
00124bdc 00000054 T swkbdSetButton
00124c30 00000008 T swkbdSetInitialText
00124c38 00000078 T swkbdSetDictWord
00124cb0 00000018 T swkbdSetDictionary
00124cc8 00000034 T swkbdSetStatusData
00124cfc 00000034 T swkbdSetLearningData
00124d30 00000014 T swkbdSetFilterCallback
00124d44 00000380 T swkbdInputText
001250c4 00000070 T rbtree_find
00125134 00000014 T rbtree_init
00125148 000001d4 t do_insert
0012531c 00000008 T rbtree_insert
00125324 0000035c T rbtree_remove
00125680 000000ac T rbtree_rotate
0012572c 00000138 T decode_utf8
00125864 000000e4 T utf16_to_utf8
00125948 000000bc T utf8_to_utf16
00125a04 00000058 t osGetMemRegionSize
00125a5c 00000104 W __system_allocateHeaps
00125b60 000000f0 T __system_initArgv
00125c50 00000038 W __libctru_init
00125c88 00000030 t __ctru_get_reent
00125cb8 000000e4 T __system_initSyscalls
00125d9c T svcControlMemory
00125dbc T svcExitProcess
00125dc4 T svcCreateThread
00125de4 T svcExitThread
00125dec T svcSleepThread
00125df4 T svcReleaseMutex
00125dfc T svcCreateEvent
00125e10 T svcSignalEvent
00125e18 T svcClearEvent
00125e20 T svcCreateMemoryBlock
00125e38 T svcMapMemoryBlock
00125e40 T svcUnmapMemoryBlock
00125e48 T svcCreateAddressArbiter
00125e5c T svcArbitrateAddress
00125e74 T svcCloseHandle
00125e7c T svcWaitSynchronization
00125e84 T svcWaitSynchronizationN
00125eac T svcDuplicateHandle
00125ec0 T svcGetSystemTick
00125ec8 T svcGetSystemInfo
00125ee0 T svcConnectToPort
00125ef4 T svcSendSyncRequest
00125efc T svcBreak
00125f04 T __aeabi_read_tp
00125f10 00000024 t addrMapNodeComparator(rbtree_node const*, rbtree_node const*)
00125f34 00000004 t addrMapNodeDestructor(rbtree_node*)
00125f38 000000f4 T mappableAlloc
0012602c 00000050 T mappableFree
0012607c 00000094 T envGetHandle
00126110 0000004c T envDestroyHandles
0012615c 00000050 T srvExit
001261ac 00000038 T srvRegisterClient
001261e4 00000070 T srvInit
00126254 00000068 T srvGetServiceHandleDirect
001262bc 00000038 T srvGetServiceHandle
001262f4 00000034 t LightLock_Unlock.part.1
00126328 0000000c T __sync_init
00126334 00000018 T __sync_fini
0012634c 00000010 T __sync_get_arbiter
0012635c 00000018 T LightLock_Init
00126374 00000094 T LightLock_Lock
00126408 00000034 T LightLock_TryLock
0012643c 00000020 T LightLock_Unlock
0012645c 00000024 T RecursiveLock_Init
00126480 00000030 T RecursiveLock_Lock
001264b0 00000058 T RecursiveLock_TryLock
00126508 00000038 T RecursiveLock_Unlock
00126540 00000038 T LightEvent_Init
00126578 0000007c T LightEvent_Clear
001265f4 000000dc T LightEvent_Signal
001266d0 000000c8 T LightEvent_Wait
00126798 000001c8 T threadCreate
00126960 00000024 T threadJoin
00126984 0000006c T threadExit
001269f0 00000040 t _thread_begin
00126a30 000000a0 T cfguInit
00126ad0 00000034 T cfguExit
00126b04 00000048 T CFGU_GetConfigInfoBlk2
00126b4c 00000074 T ndmuInit
00126bc0 00000048 T ndmuExit
00126c08 0000003c T ndmuEnterExclusiveState
00126c44 00000038 T ndmuLeaveExclusiveState
00126c7c 0000008c T rbtree_node_next
00126d08 00000060 T decode_utf16
00126d68 00000068 T encode_utf16
00126dd0 00000104 T encode_utf8
00126ed4 0000001c W __appExit
00126ef0 0000001c W __appInit
00126f0c 000000a4 W __libctru_exit
00126fb0 00000078 T bsearch
00127028 00000020 T calloc
00127048 00000090 T _calloc_r
001270d8 0000000c T __errno
001270e4 00000120 T _fclose_r
00127204 00000018 T fclose
0012721c 00000230 T __sflush_r
0012744c 00000090 T _fflush_r
001274dc 00000038 T fflush
00127514 0000000c T _cleanup_r
00127520 00000080 t std.isra.0
001275a0 00000048 T __sfmoreglue
001275e8 0000008c T __sinit
00127674 0000011c T __sfp
00127790 0000000c T __sfp_lock_acquire
0012779c 0000000c T __sfp_lock_release
001277a8 0000003c T __libc_fini_array
001277e4 0000013c T _fopen_r
00127920 00000020 T fopen
00127940 000000f8 T _malloc_trim_r
00127a38 000002e4 T _free_r
00127d1c 00000004 T _fseek_r
00127d20 000004f8 T _fseeko_r
00128218 00000078 T _fwalk
00128290 00000080 T _fwalk_reent
00128310 00000078 T __libc_init_array
00128388 00000160 T __smakebuf_r
001284e8 00000020 T memalign
00128508 0000015c T _memalign_r
00128664 00000018 T malloc
0012867c 00000018 T free
00128694 000007a8 T _malloc_r
00128e3c 000000a8 T memcmp
00128ee4 000000f0 T memcpy
00128fd4 000000f4 T memset
001290c8 0000000c T __malloc_lock
001290d4 0000000c T __malloc_unlock
001290e0 00000020 T mallinfo
00129100 0000001c T srand
0012911c 00000044 T rand
00129160 00000020 T realloc
00129180 000004c0 T _realloc_r
00129640 0000001c t lflush
0012965c 000001d8 T __srefill_r
00129834 000000e0 T snprintf
00129914 00000074 T sscanf
00129988 00000030 T __sread
001299b8 00000008 T __seofread
001299c0 00000054 T __swrite
00129a14 0000002c T __sseek
00129a40 00000008 T __sclose
00129a48 00000080 T stpcpy
00129ac8 00000080 T strcat
00129b48 0000015c T strchr
00129ca4 000000f0 T strcpy
00129d94 0000005c T strlen
00129df0 000000a4 T strncat
00129e94 000000e0 T strncpy
00129f74 00000118 t critical_factorization
0012a08c 0000038c t two_way_long_needle
0012a418 0000036c T strstr
0012a784 0000161c t get_arg
0012bda0 000049fc T _svfprintf_r
001307a0 00002c20 T __ssvfscanf_r
001333c0 00000040 T time
00133400 0000008c T _wcrtomb_r
0013348c 00000020 T _wcsrtombs_r
001334ac 00000114 T __utf8_wctomb
001335c0 000001bc t quorem
00133780 000012c8 T _dtoa_r
00134a48 000000b0 T __sflags
00134af8 00000074 T iswspace
00134b6c 00000204 t __jp2uc
00134d70 00000084 T _jp2uc
00134df4 0000000c T __locale_charset
00134e00 00000010 T __locale_mb_cur_max
00134e10 0000000c T _localeconv_r
00134e1c 00000088 T __malloc_update_mallinfo
00134ea4 0000004c T _mallinfo_r
00134ef0 00000098 T _mbrtowc_r
00134f88 000002fc T __utf8_mbtowc
00135284 00000100 T memchr
00135384 00000128 T memmove
001354ac 0000008c T _Balloc
00135538 0000001c T _Bfree
00135554 000000d0 T __multadd
00135624 000000e4 T __s2b
00135708 0000005c T __hi0bits
00135764 00000098 T __lo0bits
001357fc 00000020 T __i2b
0013581c 000001dc T __multiply
001359f8 00000100 T __pow5mult
00135af8 000000f0 T __lshift
00135be8 00000064 T __mcmp
00135c4c 00000198 T __mdiff
00135de4 00000078 T __ulp
00135e5c 000000d4 T __b2d
00135f30 00000104 T __d2b
00136034 00000078 T __ratio
001360ac 0000006c T __copybits
00136118 00000080 T __any_on
00136198 000000d0 T __sccl
00136268 0000000c T nanf
00136274 00000074 T __fpclassifyd
001362e8 00000094 T frexp
00136380 00000068 T sprintf
001363e8 00000108 T stpncpy
001364f0 0000011c T strncmp
0013660c 00000058 t sulp
00136668 0000144c T _strtod_r
00137ab8 0000025c T _strtoll_r
00137d14 000001d4 T _strtol_r
00137ee8 00000264 T _strtoull_r
00138150 000001d4 T _strtoul_r
00138324 000001a8 T __ssprint_r
001384cc 000000f8 T _sungetc_r
001385c4 0000006c T __ssrefill_r
00138630 000000c8 T _sfread_r
001386f8 000000a8 T __submore
001387a0 00000190 T _wcsnrtombs_r
00138930 000000ec t rshift
00138a1c 000007d0 T __gethex
001391ec 00000258 T __hexnan
00139444 0000005c T strnlen
001394a0 00000044 T strrchr
001394e4 T _fini
0013a000 R bike_png
0013f97f R bike_png_end
0013f980 R bike_png_size
0013f984 R qrcode_png
00141fd0 R qrcode_png_end
00141fd0 R qrcode_png_size
00141fd4 R vshader_shbin
0014210c R vshader_shbin_end
0014210c R vshader_shbin_size
00142110 0000001c r ADAM7_DX
0014212c 0000001c r ADAM7_IX
00142148 0000001c r ADAM7_DY
00142164 0000001c r ADAM7_IY
00142180 00000078 r DISTANCEEXTRA
001421f8 00000074 r LENGTHEXTRA
0014226c 00000074 r LENGTHBASE
001422e0 00000078 r DISTANCEBASE
00142358 0000004c r CLCL_ORDER
001423a4 0000001c r CSWTCH.136
001423c0 00000400 r lodepng_crc32_table
001427c0 00000178 r CSWTCH.333
00142938 00000010 R lodepng_default_decompress_settings
00142948 00000024 R lodepng_default_compress_settings
0014296c 00000003 r parm.11363
00142970 00000004 r CSWTCH.7
00142974 00000005 r colorFmtSizes
0014297c 00000004 r depthFmtSizes
00142980 00000038 r CSWTCH.2
001429b8 00000014 r CSWTCH.28
001429cc 00000008 r framebufferInfoSt
001429d4 00000030 r error_table
00142a10 0000000c r serviceNameTable.6351
00142a20 00000014 r swkbdFeatures
00142a34 00000068 R dotab_stdnull
00142a9c 00000003 R DIRECTORY_PARENT
00142aa0 00000002 R DIRECTORY_THIS
00142aa4 00000002 R DIRECTORY_SEPARATOR
001434b4 r .LC2
00144ec8 00000004 R _global_impure_ptr
00144ecc 00000010 r blanks.7122
00144f1c 00000010 r zeroes.7123
00144f2c 00000022 r basefix.7044
00144f58 00000101 R _ctype_
0014506c 000000bc r a1
00145128 000000bc r a2
001451e4 0000005b r a3
00145240 00000070 r a6
001452b0 000000a2 r a7
00145354 00000040 r a8
001453a8 0000172a r b02cf
00146ad4 00001a7c r d02f4
00148660 000000c8 R __mprec_tens
00148728 0000000c r p05.5412
00148738 00000028 R __mprec_bigtens
00148760 00000014 r fpinan.5417
00148784 00000014 r fpi.5381
00148798 00000028 r tinytens
001487c0 0000006c R __state_table
0014882c 00000100 R __chclass
0014892c 0000006c R __action_table
00148998 00000100 R __hexdig
00148aa0 r __EH_FRAME_BEGIN__
00148aa0 R __exidx_end
00148aa0 R __exidx_start
00149000 00000028 D currentPath
00149028 00000004 D currentBots
0014902c 00000004 D actual_bikes
00149030 00000004 D numOptions
00149034 00000004 D num_bikes
00149038 00000078 D textColors
001490b0 00000028 D colors
001490d8 00000008 D TICKS_PER_MS
001490e0 00000004 d printy
001490e4 00000004 d printx
001490e8 00000028 D loading
00149110 00000226 D optionNames
00149338 00000004 D epsilon
0014933c 000000c0 D images
001493fc 00000028 D growth
00149428 00000008 D TICKS_PER_SEC
00149430 00000001 D replay
00149434 00000078 D colorNames
001494ac 00000001 D ignoreDeath
001494b0 00000004 D bikeSpeed
001494b4 00000004 D oldBotSpeed
001494b8 00000004 D growthRate
001494bc 00000004 D quit
001494c0 00000001 D addedToGame
001494c1 00000001 D clearFlag
001494c8 00000001 d topFormat
001494c9 00000001 d botFormat
001494cc 00000008 d doubleBuf
001494d4 00000401 d __cwd
001498d8 00000068 d sdmc_devoptab
00149940 00000004 d aptFlags
00149944 00000004 d gspLastEvent
00149948 00000004 V __ctru_linear_heap_size
0014994c W __stacksize__
00149950 00000004 d defaultDevice
00149954 00000040 D devoptab_list
00149994 00001000 d _current_working_directory
0014a994 0000000c d __stdin_handle
0014a9a0 0000000c d __stdout_handle
0014a9ac 0000000c d __stderr_handle
0014a9b8 00000004 d __hndl_lock
0014a9bc 00001000 d handles
0014b9bc 0000000c d __sfp_lock
0014b9c8 0000000c d __sinit_lock
0014b9d8 00000440 d impure_data
0014be18 00000004 D _impure_ptr
0014be1c 00000408 D __malloc_av_
0014c224 00000004 D __malloc_trim_threshold
0014c228 00000004 D __malloc_sbrk_base
0014c22c 0000000c d __malloc_lock_object
0014c238 00000004 D __wctomb
0014c23c 00000004 D __ctype_ptr__
0014c240 00000038 d lconv
0014c278 00000020 d lc_ctype_charset
0014c298 00000004 D __mb_cur_max
0014c29c 00000004 D __mbtowc
0014c2a0 t __frame_dummy_init_array_entry
0014c2a0 T __init_array_start
0014c2a0 d __JCR_LIST__
0014c2a0 B __preinit_array_end
0014c2a0 B __preinit_array_start
0014c2a0 D __tdata_lma
0014c2a0 D __tdata_lma_end
0014c2a0 D __TMC_END__
0014c2a0 d __TMC_LIST__
0014c2a4 t __do_global_dtors_aux_fini_array_entry
0014c2a4 T __fini_array_start
0014c2a4 T __init_array_end
0014c2a8 T __bss_start__
0014c2a8 T __fini_array_end
0014c2a8 b completed.6505
0014c2ac b object.6510
0014c2c8 00000028 B pathPos
0014c2f0 00000008 B closedSetN
0014c2f8 00000008 B openSetN
0014c300 00000028 B score
0014c328 00000004 b textVtxArray
0014c32c 00000004 b glyphSheets
0014c330 00000004 b textVtxArrayPos
0014c334 0000000b B options
0014c33f 00000001 B autoPilot
0014c340 00000004 B myNum
0014c344 00000004 B consolei
0014c348 00000001 B uds_enabled
0014c349 00000001 B debugHold
0014c34c 00000004 B myNode
0014c350 00000004 B ret
0014c354 00000001 B CATASTROPHIC_FAILURE
0014c355 00000001 B debugging
0014c358 00000004 B death
0014c35c 00000004 B totalSpace
0014c360 00000004 B highScore
0014c368 00000008 B lastRainbow
0014c370 00000004 B rainbow
0014c374 00000004 b uLoc_projection
0014c378 00000040 b textprojection
0014c3b8 00000004 B directions
0014c3bc 00000008 B totalPathN
0014c3c4 00000010 b spritesheet_tex
0014c3d4 00000040 b projection
0014c414 00000002 B plotting
0014c418 00000010 B giveUpTimer
0014c428 0000000b B erased
0014c433 00000001 B movingApple
0014c434 0000000a B ready
0014c440 0000000a B replyHighscore
0014c44c 00000004 B con_type
0014c450 00000001 B qrcode
0014c454 00000010 b qrcode_tex
0014c464 00000001 B cheats
0014c468 00000400 b swkbd.15575
0014c868 00000032 b mybuf.15576
0014c89a 00000001 b reload.15581
0014c89c 00000044 b swkbdStatus.15577
0014c8e0 0000a46c b swkbdLearning.15578
00156d4c 0000000a B replySprite
00156d56 00000001 B inGame
00156d58 00000008 B errorQuit
00156d60 00000001 B connectionEstablished
00156d64 0000000a B replyChange
00156d70 00000004 B wakeup
00156d78 00000008 B UDSSent
00156d80 0000000a B replyScore
00156d8c 00000004 B nextMove
00156d90 00000004 B lastDead
00156d94 00000001 B forfeit
00156d98 00000004 B oldMove
00156d9c 00000004 B oldDiag
00156da0 00000004 B oldpx
00156da4 00000004 B oldpy
00156da8 00000008 B flash
00156db0 00000004 B hole
00156db8 00000008 B lastApple
00156dc0 0000000a B replyDead
00156dcc 0000000a B replyScreenScore
00156dd8 0000000a B receivedScreenScore
00156de4 00000004 B joinedNum
00156de8 00000008 B waitForFinish
00156df0 00000004 b vshader_dvlb
00156df4 00000014 b program
00156e08 00000004 B gameOver
00156e10 00000008 B lastSent
00156e18 00000004 B diag
00156e1c 00000001 B readyToStart
00156e20 0000000c b hookCookie
00156e2c 00000001 b queuedCount
00156e30 00000004 b transferQueue
00156e34 00000004 b clearQueue
00156e38 00000001 b inSafeTransfer
00156e3c 0000000c b linkedTarget
00156e48 0000004c b temp.12018
00156e94 00000001 b inSafeClear
00156e95 00000001 b queueSwap
00156e98 00000020 b queuedFrame
00156eb8 00000001 b queuedState
00156eb9 00000001 b inFrame
00156ebc 00000004 b lastTarget
00156ec0 00000004 b firstTarget
00156ec4 00000018 b C3Di_ShaderFVecData
00156edc 000000c0 b C3Di_FVUnifEverDirty
00156f9c 00000008 b C3Di_IVUnifEverDirty
00156fa4 00000008 b sLinearPool
00156fac 0000000c b sAddrMap
00156fb8 00000008 b sVramPool
00156fc0 0000000c b sAddrMap
00156fcc 00000004 b sharedFontAddr
00156fd0 00000004 b charPerSheet
00156fd4 00000001 b enable3d
00156fd8 00000004 b screenAlloc
00156fdc 00000004 b screenFree
00156fe0 00000002 b currentBuffer
00156fe4 00000001 V __ctru_speedup
00156fe8 00000008 b sdmcArchive
00156ff0 00000001 b sdmcInitialised
00156ff8 00000004 b aptLockHandle
00156ffc 00000004 b serviceName.6350
00157000 0000000c b aptFirstHook
0015700c 00000004 b aptMessageFunc
00157010 00000004 b aptMessageFuncData
00157014 0000000c b aptEvents
00157020 00000001 b aptHomeButtonState
00157024 00000008 b aptSleepEvent
0015702c 00001000 b aptParameters
0015802c 00000004 b aptRefCount
00158030 00000004 b aptEventHandlerThread
00158034 00000001 b flagInit.6701
00158035 00000001 b flagValue.6702
00158038 00000004 b fsuHandle
0015803c 00000004 b fsuRefCount
00158040 00000080 b fsExemptArchives
001580c0 00000001 b gspRunEvents
001580c4 00000004 b gspEvent
001580c8 00000004 b gspEventData
001580cc 0000001c b gspEventCb
001580e8 00000007 b gspEventCbOneShot
001580f0 0000001c b gspEventCbData
0015810c 00000038 b gspEvents
00158144 0000001c b gspEventCounts
00158160 00000004 b gspRefCount
00158164 00000004 b gspEventThread
00158168 00000004 b hidRefCount
0015816c 00000004 b kOld
00158170 00000004 b kHeld
00158174 00000004 b cPos
00158178 00000004 b tPos
0015817c 00000006 b aVec
00158184 00000006 b gRate
0015818c 00000004 b kDown
00158190 00000004 b kUp
00158194 00000004 b irrstRefCount
00158198 00000004 b kHeld
0015819c 00000004 b csPos
001581a0 00000004 b ptmSysmRefCount
001581a4 00000004 b ptmSysmHandle
001581a8 00000004 b __uds_refcount
001581ac 00000004 b __uds_sharedmem_handle
001581b0 00000004 b __uds_sharedmem_size
001581b4 00000004 b __uds_connectionstatus_event
001581b8 00000004 b bind_allocbitmask
001581bc 00000004 b swkbdSharedMem
001581c0 00000004 b swkbdSharedMemHandle
001581c4 00000004 V __ctru_heap_size
001581c8 b saved_stack
001581d0 00000008 b sMappablePool
001581d8 0000000c b sAddrMap
001581e4 00000004 b srvRefCount
001581e8 00000004 b srvHandle
001581ec 00000004 b arbiter
001581f0 00000004 b cfguRefCount
001581f4 00000004 b cfguHandle
001581f8 00000004 b __ndmu_refcount
001581fc 00000004 b heap_start.5704
00158200 00000004 B fake_heap_start
00158204 00000004 B fake_heap_end
00158208 00001000 b temp_cwd
00159208 00000038 B __syscalls
00159240 00000004 B __malloc_max_total_mem
00159244 00000004 B __malloc_max_sbrked_mem
00159248 00000004 B __malloc_top_pad
0015924c 00000028 B __malloc_current_mallinfo
00159278 00000398 B sprites
00159610 00000008 B debugUDSSent
00159618 002bf200 B path
00418818 00000001 B conntype
0041881c 00000002 B usedSpecial
00418820 00000004 B cpos
00418828 00000008 B lastSprite
00418830 00000070 B sentMsg
004188a0 00000004 B touch
004188a8 00000008 B lastHighscore
004188b0 00236418 B cameFrom
0064ecc8 00000030 B constatus
0064ecf8 000bcc08 B fscore
0070b900 00000004 B dead2
0070b908 00000070 B msg
0070b978 00000004 B target2
0070b97c 00000032 B myName
0070b9b0 00000004 B oldbikes
0070b9b8 00000008 B lastDeadmsg
0070b9c0 000000c8 B mystring
0070ba88 00000004 B dead
0070ba8c 00000018 B current
0070baa8 00000008 B lastScreenScore
0070bab0 00000028 B oldscore
0070bad8 00000bb8 B consoleBuffer
0070c690 000bcc08 B gscore
007c9298 00000008 B debugLastSent
007c92a0 00000008 B lastChange
007c92a8 00000050 B frameTicks
007c92f8 00000004 B oldCPos
007c9300 00000028 B tmpnode
007c9328 00000008 B closedSet
007c9330 0000000c B bindctx
007c933c 00236418 B totalPath
009ff758 00000008 B lastScore
009ff760 00000008 B apple
009ff768 00000002 B src_NetworkNodeID
009ff76c 00000004 B frameBuf
009ff770 00000008 B openSet
009ff778 00000032 B overwriteName
009ff7ac 00000004 B target
009ff7b0 00000278 B __C3D_Context
009ffa28 00000020 B C3D_IVUnif
009ffa48 000000c0 B C3D_FVUnifDirty
009ffb08 00000002 B C3D_BoolUnifsDirty
009ffb0c 00000008 B C3D_IVUnifDirty
009ffb14 00000004 B C3D_BoolUnifs
009ffb18 00000c00 B C3D_FVUnif
00a00718 00000004 B g_sharedFont
00a0071c 00000008 B gfxBottomFramebuffers
00a00724 00000004 B gspSharedMemHandle
00a00728 0000001c B bottomFramebufferInfo
00a00744 00000004 B gspEvent
00a00748 00000008 B gfxTopLeftFramebuffers
00a00750 00000008 B gfxTopRightFramebuffers
00a00758 0000001c B topFramebufferInfo
00a00774 00000001 B gfxThreadID
00a00778 00000004 B gfxSharedMemory
00a0077c 00000004 B gfxTopFramebufferMaxSize
00a00780 00000004 B gfxBottomFramebufferMaxSize
00a00784 00000004 B gpuCmdBuf
00a00788 00000004 B gpuCmdBufOffset
00a0078c 00000004 B gpuCmdBufSize
00a00790 00000004 B gxCmdBuf
00a00794 00000004 B gspGpuHandle
00a00798 00000004 B hidMemHandle
00a0079c 00000004 B hidHandle
00a007a0 00000004 B hidSharedMem
00a007a4 00000014 B hidEvents
00a007b8 00000004 B irrstHandle
00a007bc 00000004 B irrstEvent
00a007c0 00000004 B irrstMemHandle
00a007c4 00000004 B irrstSharedMem
00a007c8 00000004 B __uds_sharedmem_addr
00a007cc 00000004 B __uds_servhandle
00a007d0 00000004 B __ctru_linear_heap
00a007d4 00000004 B __ctru_heap
00a007d8 00000004 B __system_argv
00a007dc 00000004 B __system_argc
00a007e0 00000004 B __system_retAddr
00a007e4 00000004 B __ndmu_servhandle
00a007e8 B __tls_start
00a03bf4 B __bss_end__
00a03bf4 A __end__
00a03bf4 B __tls_end
